{"C:\\Users\\AlfianHoris\\Desktop\\github\\user\\backend\\app.js": {"path":"C:\\Users\\AlfianHoris\\Desktop\\github\\user\\backend\\app.js","statementMap":{"0":{"start":{"line":1,"column":0},"end":{"line":1,"column":27}},"1":{"start":{"line":2,"column":16},"end":{"line":2,"column":34}},"2":{"start":{"line":3,"column":12},"end":{"line":3,"column":21}},"3":{"start":{"line":4,"column":13},"end":{"line":4,"column":17}},"4":{"start":{"line":5,"column":13},"end":{"line":5,"column":28}},"5":{"start":{"line":6,"column":19},"end":{"line":6,"column":43}},"6":{"start":{"line":7,"column":17},"end":{"line":7,"column":39}},"7":{"start":{"line":8,"column":15},"end":{"line":8,"column":35}},"8":{"start":{"line":10,"column":0},"end":{"line":10,"column":24}},"9":{"start":{"line":11,"column":0},"end":{"line":11,"column":16}},"10":{"start":{"line":12,"column":0},"end":{"line":12,"column":52}},"11":{"start":{"line":13,"column":0},"end":{"line":15,"column":3}},"12":{"start":{"line":14,"column":2},"end":{"line":14,"column":30}},"13":{"start":{"line":16,"column":0},"end":{"line":16,"column":38}},"14":{"start":{"line":17,"column":0},"end":{"line":17,"column":29}},"15":{"start":{"line":23,"column":0},"end":{"line":23,"column":21}}},"fnMap":{"0":{"name":"(anonymous_0)","decl":{"start":{"line":13,"column":18},"end":{"line":13,"column":19}},"loc":{"start":{"line":13,"column":32},"end":{"line":15,"column":1}},"line":13}},"branchMap":{},"s":{"0":1,"1":1,"2":1,"3":1,"4":1,"5":1,"6":1,"7":1,"8":1,"9":1,"10":1,"11":1,"12":0,"13":1,"14":1,"15":1},"f":{"0":0},"b":{},"_coverageSchema":"1a1c01bbd47fc00a2c39e90264f33305004495a9","hash":"56279c65263833adf467564145a8207ae234f7a0"}
,"C:\\Users\\AlfianHoris\\Desktop\\github\\user\\backend\\controllers.js": {"path":"C:\\Users\\AlfianHoris\\Desktop\\github\\user\\backend\\controllers.js","statementMap":{"0":{"start":{"line":1,"column":13},"end":{"line":1,"column":36}},"1":{"start":{"line":2,"column":16},"end":{"line":2,"column":38}},"2":{"start":{"line":3,"column":15},"end":{"line":3,"column":35}},"3":{"start":{"line":4,"column":15},"end":{"line":4,"column":32}},"4":{"start":{"line":5,"column":0},"end":{"line":52,"column":2}},"5":{"start":{"line":6,"column":14},"end":{"line":11,"column":3}},"6":{"start":{"line":13,"column":2},"end":{"line":22,"column":4}},"7":{"start":{"line":16,"column":6},"end":{"line":20,"column":7}},"8":{"start":{"line":17,"column":8},"end":{"line":17,"column":17}},"9":{"start":{"line":19,"column":8},"end":{"line":19,"column":52}},"10":{"start":{"line":24,"column":19},"end":{"line":24,"column":49}},"11":{"start":{"line":25,"column":2},"end":{"line":25,"column":39}},"12":{"start":{"line":28,"column":18},"end":{"line":28,"column":20}},"13":{"start":{"line":29,"column":4},"end":{"line":32,"column":5}},"14":{"start":{"line":30,"column":18},"end":{"line":30,"column":46}},"15":{"start":{"line":31,"column":6},"end":{"line":31,"column":29}},"16":{"start":{"line":33,"column":4},"end":{"line":36,"column":7}},"17":{"start":{"line":40,"column":4},"end":{"line":50,"column":5}},"18":{"start":{"line":41,"column":57},"end":{"line":41,"column":65}},"19":{"start":{"line":42,"column":15},"end":{"line":42,"column":40}},"20":{"start":{"line":43,"column":6},"end":{"line":43,"column":74}},"21":{"start":{"line":44,"column":6},"end":{"line":47,"column":9}},"22":{"start":{"line":49,"column":6},"end":{"line":49,"column":16}}},"fnMap":{"0":{"name":"(anonymous_0)","decl":{"start":{"line":5,"column":17},"end":{"line":5,"column":18}},"loc":{"start":{"line":5,"column":43},"end":{"line":52,"column":1}},"line":5},"1":{"name":"(anonymous_1)","decl":{"start":{"line":15,"column":4},"end":{"line":15,"column":5}},"loc":{"start":{"line":15,"column":50},"end":{"line":21,"column":5}},"line":15},"2":{"name":"fails","decl":{"start":{"line":27,"column":11},"end":{"line":27,"column":16}},"loc":{"start":{"line":27,"column":19},"end":{"line":37,"column":3}},"line":27},"3":{"name":"passes","decl":{"start":{"line":39,"column":17},"end":{"line":39,"column":23}},"loc":{"start":{"line":39,"column":32},"end":{"line":51,"column":3}},"line":39}},"branchMap":{"0":{"loc":{"start":{"line":16,"column":6},"end":{"line":20,"column":7}},"type":"if","locations":[{"start":{"line":16,"column":6},"end":{"line":20,"column":7}},{"start":{"line":18,"column":13},"end":{"line":20,"column":7}}],"line":16}},"s":{"0":1,"1":1,"2":1,"3":1,"4":1,"5":16,"6":16,"7":12,"8":11,"9":1,"10":16,"11":16,"12":11,"13":11,"14":14,"15":14,"16":11,"17":5,"18":5,"19":5,"20":5,"21":3,"22":2},"f":{"0":16,"1":12,"2":11,"3":5},"b":{"0":[11,1]},"_coverageSchema":"1a1c01bbd47fc00a2c39e90264f33305004495a9","hash":"acc91d5ec1d110f625433c09e7aa1ab0ea0d1b05"}
,"C:\\Users\\AlfianHoris\\Desktop\\github\\user\\backend\\db.js": {"path":"C:\\Users\\AlfianHoris\\Desktop\\github\\user\\backend\\db.js","statementMap":{"0":{"start":{"line":1,"column":18},"end":{"line":1,"column":38}},"1":{"start":{"line":3,"column":18},"end":{"line":27,"column":1}},"2":{"start":{"line":29,"column":11},"end":{"line":29,"column":13}},"3":{"start":{"line":31,"column":0},"end":{"line":31,"column":25}},"4":{"start":{"line":32,"column":0},"end":{"line":32,"column":25}},"5":{"start":{"line":34,"column":0},"end":{"line":34,"column":20}},"6":{"start":{"line":36,"column":0},"end":{"line":36,"column":20}}},"fnMap":{},"branchMap":{},"s":{"0":1,"1":1,"2":1,"3":1,"4":1,"5":1,"6":1},"f":{},"b":{},"_coverageSchema":"1a1c01bbd47fc00a2c39e90264f33305004495a9","hash":"05e19c16467449d44e9335136630e962602844dc"}
,"C:\\Users\\AlfianHoris\\Desktop\\github\\user\\backend\\helpers.js": {"path":"C:\\Users\\AlfianHoris\\Desktop\\github\\user\\backend\\helpers.js","statementMap":{"0":{"start":{"line":1,"column":0},"end":{"line":3,"column":2}},"1":{"start":{"line":2,"column":2},"end":{"line":2,"column":53}},"2":{"start":{"line":5,"column":0},"end":{"line":43,"column":2}},"3":{"start":{"line":6,"column":13},"end":{"line":6,"column":21}},"4":{"start":{"line":11,"column":2},"end":{"line":35,"column":3}},"5":{"start":{"line":12,"column":4},"end":{"line":12,"column":15}},"6":{"start":{"line":13,"column":4},"end":{"line":13,"column":21}},"7":{"start":{"line":14,"column":4},"end":{"line":14,"column":58}},"8":{"start":{"line":16,"column":4},"end":{"line":22,"column":5}},"9":{"start":{"line":17,"column":6},"end":{"line":17,"column":45}},"10":{"start":{"line":18,"column":11},"end":{"line":22,"column":5}},"11":{"start":{"line":19,"column":6},"end":{"line":19,"column":55}},"12":{"start":{"line":21,"column":6},"end":{"line":21,"column":40}},"13":{"start":{"line":23,"column":9},"end":{"line":35,"column":3}},"14":{"start":{"line":24,"column":4},"end":{"line":24,"column":15}},"15":{"start":{"line":25,"column":4},"end":{"line":25,"column":23}},"16":{"start":{"line":26,"column":4},"end":{"line":26,"column":28}},"17":{"start":{"line":27,"column":9},"end":{"line":35,"column":3}},"18":{"start":{"line":28,"column":4},"end":{"line":28,"column":15}},"19":{"start":{"line":29,"column":4},"end":{"line":29,"column":21}},"20":{"start":{"line":30,"column":4},"end":{"line":30,"column":26}},"21":{"start":{"line":32,"column":4},"end":{"line":32,"column":15}},"22":{"start":{"line":33,"column":4},"end":{"line":33,"column":21}},"23":{"start":{"line":34,"column":4},"end":{"line":34,"column":39}},"24":{"start":{"line":37,"column":2},"end":{"line":42,"column":5}}},"fnMap":{"0":{"name":"(anonymous_0)","decl":{"start":{"line":1,"column":21},"end":{"line":1,"column":22}},"loc":{"start":{"line":1,"column":27},"end":{"line":3,"column":1}},"line":1},"1":{"name":"(anonymous_1)","decl":{"start":{"line":5,"column":23},"end":{"line":5,"column":24}},"loc":{"start":{"line":5,"column":48},"end":{"line":43,"column":1}},"line":5}},"branchMap":{"0":{"loc":{"start":{"line":11,"column":2},"end":{"line":35,"column":3}},"type":"if","locations":[{"start":{"line":11,"column":2},"end":{"line":35,"column":3}},{"start":{"line":23,"column":9},"end":{"line":35,"column":3}}],"line":11},"1":{"loc":{"start":{"line":16,"column":4},"end":{"line":22,"column":5}},"type":"if","locations":[{"start":{"line":16,"column":4},"end":{"line":22,"column":5}},{"start":{"line":18,"column":11},"end":{"line":22,"column":5}}],"line":16},"2":{"loc":{"start":{"line":18,"column":11},"end":{"line":22,"column":5}},"type":"if","locations":[{"start":{"line":18,"column":11},"end":{"line":22,"column":5}},{"start":{"line":20,"column":11},"end":{"line":22,"column":5}}],"line":18},"3":{"loc":{"start":{"line":23,"column":9},"end":{"line":35,"column":3}},"type":"if","locations":[{"start":{"line":23,"column":9},"end":{"line":35,"column":3}},{"start":{"line":27,"column":9},"end":{"line":35,"column":3}}],"line":23},"4":{"loc":{"start":{"line":27,"column":9},"end":{"line":35,"column":3}},"type":"if","locations":[{"start":{"line":27,"column":9},"end":{"line":35,"column":3}},{"start":{"line":31,"column":9},"end":{"line":35,"column":3}}],"line":27}},"s":{"0":1,"1":5,"2":1,"3":16,"4":16,"5":2,"6":2,"7":2,"8":2,"9":1,"10":1,"11":1,"12":0,"13":14,"14":3,"15":3,"16":3,"17":11,"18":11,"19":11,"20":11,"21":0,"22":0,"23":0,"24":16},"f":{"0":5,"1":16},"b":{"0":[2,14],"1":[1,1],"2":[1,0],"3":[3,11],"4":[11,0]},"_coverageSchema":"1a1c01bbd47fc00a2c39e90264f33305004495a9","hash":"a148f7b58fea064b84d6be2117f68d2849acbcfb"}
,"C:\\Users\\AlfianHoris\\Desktop\\github\\user\\backend\\model.js": {"path":"C:\\Users\\AlfianHoris\\Desktop\\github\\user\\backend\\model.js","statementMap":{"0":{"start":{"line":1,"column":13},"end":{"line":1,"column":28}},"1":{"start":{"line":2,"column":18},"end":{"line":2,"column":34}},"2":{"start":{"line":3,"column":18},"end":{"line":3,"column":34}},"3":{"start":{"line":5,"column":11},"end":{"line":5,"column":13}},"4":{"start":{"line":7,"column":0},"end":{"line":7,"column":25}},"5":{"start":{"line":8,"column":0},"end":{"line":8,"column":25}},"6":{"start":{"line":11,"column":16},"end":{"line":45,"column":3}},"7":{"start":{"line":46,"column":2},"end":{"line":46,"column":15}},"8":{"start":{"line":49,"column":0},"end":{"line":49,"column":17}},"9":{"start":{"line":51,"column":0},"end":{"line":51,"column":20}}},"fnMap":{"0":{"name":"user","decl":{"start":{"line":10,"column":9},"end":{"line":10,"column":13}},"loc":{"start":{"line":10,"column":16},"end":{"line":47,"column":1}},"line":10}},"branchMap":{},"s":{"0":1,"1":1,"2":1,"3":1,"4":1,"5":1,"6":1,"7":1,"8":1,"9":1},"f":{"0":1},"b":{},"_coverageSchema":"1a1c01bbd47fc00a2c39e90264f33305004495a9","hash":"216d1427575d3cd422fdf0ea9dbb0fabb22b79fe"}
}
