TN:
SF:app.js
FN:13,(anonymous_0)
FNF:1
FNH:0
FNDA:0,(anonymous_0)
DA:1,1
DA:2,1
DA:3,1
DA:4,1
DA:5,1
DA:6,1
DA:7,1
DA:8,1
DA:10,1
DA:11,1
DA:12,1
DA:13,1
DA:14,0
DA:16,1
DA:17,1
DA:23,1
LF:16
LH:15
BRF:0
BRH:0
end_of_record
TN:
SF:controllers.js
FN:5,(anonymous_0)
FN:15,(anonymous_1)
FN:27,fails
FN:39,passes
FNF:4
FNH:4
FNDA:16,(anonymous_0)
FNDA:12,(anonymous_1)
FNDA:11,fails
FNDA:5,passes
DA:1,1
DA:2,1
DA:3,1
DA:4,1
DA:5,1
DA:6,16
DA:13,16
DA:16,12
DA:17,11
DA:19,1
DA:24,16
DA:25,16
DA:28,11
DA:29,11
DA:30,14
DA:31,14
DA:33,11
DA:40,5
DA:41,5
DA:42,5
DA:43,5
DA:44,3
DA:49,2
LF:23
LH:23
BRDA:16,0,0,11
BRDA:16,0,1,1
BRF:2
BRH:2
end_of_record
TN:
SF:db.js
FNF:0
FNH:0
DA:1,1
DA:3,1
DA:29,1
DA:31,1
DA:32,1
DA:34,1
DA:36,1
LF:7
LH:7
BRF:0
BRH:0
end_of_record
TN:
SF:helpers.js
FN:1,(anonymous_0)
FN:5,(anonymous_1)
FNF:2
FNH:2
FNDA:5,(anonymous_0)
FNDA:16,(anonymous_1)
DA:1,1
DA:2,5
DA:5,1
DA:6,16
DA:11,16
DA:12,2
DA:13,2
DA:14,2
DA:15,1
DA:16,1
DA:17,1
DA:19,0
DA:21,14
DA:22,3
DA:23,3
DA:24,3
DA:25,11
DA:26,11
DA:27,11
DA:28,11
DA:30,0
DA:31,0
DA:32,0
DA:35,16
LF:24
LH:20
BRDA:11,0,0,2
BRDA:11,0,1,14
BRDA:14,1,0,1
BRDA:14,1,1,1
BRDA:16,2,0,1
BRDA:16,2,1,0
BRDA:21,3,0,3
BRDA:21,3,1,11
BRDA:25,4,0,11
BRDA:25,4,1,0
BRF:10
BRH:8
end_of_record
TN:
SF:model.js
FN:10,user
FNF:1
FNH:1
FNDA:1,user
DA:1,1
DA:2,1
DA:3,1
DA:5,1
DA:7,1
DA:8,1
DA:11,1
DA:46,1
DA:49,1
DA:51,1
LF:10
LH:10
BRF:0
BRH:0
end_of_record
